0 info it worked if it ends with ok
1 verbose cli [ '/usr/local/Cellar/node/7.2.0/bin/node',
1 verbose cli   '/usr/local/bin/npm',
1 verbose cli   'run',
1 verbose cli   'demo-watch' ]
2 info using npm@3.10.9
3 info using node@v7.2.0
4 verbose run-script [ 'predemo-watch', 'demo-watch', 'postdemo-watch' ]
5 info lifecycle js-transformabit@0.1.0~predemo-watch: js-transformabit@0.1.0
6 silly lifecycle js-transformabit@0.1.0~predemo-watch: no script for predemo-watch, continuing
7 info lifecycle js-transformabit@0.1.0~demo-watch: js-transformabit@0.1.0
8 verbose lifecycle js-transformabit@0.1.0~demo-watch: unsafe-perm in lifecycle true
9 verbose lifecycle js-transformabit@0.1.0~demo-watch: PATH: /usr/local/lib/node_modules/npm/bin/node-gyp-bin:/Users/aen/trifork/js-transformabit/node_modules/.bin:/usr/local/Cellar/node/7.2.0/bin:/usr/local/bin:/usr/bin:/bin:/usr/sbin:/sbin
10 verbose lifecycle js-transformabit@0.1.0~demo-watch: CWD: /Users/aen/trifork/js-transformabit
11 silly lifecycle js-transformabit@0.1.0~demo-watch: Args: [ '-c', 'nodemon -e ts --exec "tsc /src/demo/printer.ts"' ]
12 silly lifecycle js-transformabit@0.1.0~demo-watch: Returned: code: 1  signal: null
13 info lifecycle js-transformabit@0.1.0~demo-watch: Failed to exec demo-watch script
14 verbose stack Error: js-transformabit@0.1.0 demo-watch: `nodemon -e ts --exec "tsc /src/demo/printer.ts"`
14 verbose stack Exit status 1
14 verbose stack     at EventEmitter.<anonymous> (/usr/local/lib/node_modules/npm/lib/utils/lifecycle.js:255:16)
14 verbose stack     at emitTwo (events.js:106:13)
14 verbose stack     at EventEmitter.emit (events.js:191:7)
14 verbose stack     at ChildProcess.<anonymous> (/usr/local/lib/node_modules/npm/lib/utils/spawn.js:40:14)
14 verbose stack     at emitTwo (events.js:106:13)
14 verbose stack     at ChildProcess.emit (events.js:191:7)
14 verbose stack     at maybeClose (internal/child_process.js:885:16)
14 verbose stack     at Process.ChildProcess._handle.onexit (internal/child_process.js:226:5)
15 verbose pkgid js-transformabit@0.1.0
16 verbose cwd /Users/aen/trifork/js-transformabit
17 error Darwin 16.1.0
18 error argv "/usr/local/Cellar/node/7.2.0/bin/node" "/usr/local/bin/npm" "run" "demo-watch"
19 error node v7.2.0
20 error npm  v3.10.9
21 error code ELIFECYCLE
22 error js-transformabit@0.1.0 demo-watch: `nodemon -e ts --exec "tsc /src/demo/printer.ts"`
22 error Exit status 1
23 error Failed at the js-transformabit@0.1.0 demo-watch script 'nodemon -e ts --exec "tsc /src/demo/printer.ts"'.
23 error Make sure you have the latest version of node.js and npm installed.
23 error If you do, this is most likely a problem with the js-transformabit package,
23 error not with npm itself.
23 error Tell the author that this fails on your system:
23 error     nodemon -e ts --exec "tsc /src/demo/printer.ts"
23 error You can get information on how to open an issue for this project with:
23 error     npm bugs js-transformabit
23 error Or if that isn't available, you can get their info via:
23 error     npm owner ls js-transformabit
23 error There is likely additional logging output above.
24 verbose exit [ 1, true ]
